# JRE version: OpenJDK Runtime Environment (11.0.12+7) (build 11.0.12+7-b1504.28-7817840)
# Java VM: OpenJDK 64-Bit Server VM (11.0.12+7-b1504.28-7817840, mixed mode, tiered, compressed oops, g1 gc, windows-amd64)
Heap:
 garbage-first heap   total 154624K, used 118676K [0x00000000a0000000, 0x0000000100000000)
  region size 1024K, 24 young (24576K), 4 survivors (4096K)
 Metaspace       used 81138K, capacity 83771K, committed 83964K, reserved 1122304K
  class space    used 10642K, capacity 11549K, committed 11648K, reserved 1048576K
GC Heap History (20 events):
Event: 89.910 GC heap before
{Heap before GC invocations=45 (full 0):
 garbage-first heap   total 116736K, used 93296K [0x00000000a0000000, 0x0000000100000000)
  region size 1024K, 20 young (20480K), 3 survivors (3072K)
 Metaspace       used 74339K, capacity 76288K, committed 76540K, reserved 1116160K
  class space    used 9626K, capacity 10336K, committed 10368K, reserved 1048576K
}
Event: 89.927 GC heap after
{Heap after GC invocations=46 (full 0):
 garbage-first heap   total 116736K, used 76976K [0x00000000a0000000, 0x0000000100000000)
  region size 1024K, 2 young (2048K), 2 survivors (2048K)
 Metaspace       used 74339K, capacity 76288K, committed 76540K, reserved 1116160K
  class space    used 9626K, capacity 10336K, committed 10368K, reserved 1048576K
}
Event: 90.529 GC heap before
{Heap before GC invocations=47 (full 0):
 garbage-first heap   total 116736K, used 94384K [0x00000000a0000000, 0x0000000100000000)
  region size 1024K, 19 young (19456K), 2 survivors (2048K)
 Metaspace       used 74899K, capacity 76902K, committed 77180K, reserved 1116160K
  class space    used 9702K, capacity 10410K, committed 10496K, reserved 1048576K
}
Event: 90.536 GC heap after
{Heap after GC invocations=48 (full 0):
 garbage-first heap   total 116736K, used 78624K [0x00000000a0000000, 0x0000000100000000)
  region size 1024K, 3 young (3072K), 3 survivors (3072K)
 Metaspace       used 74899K, capacity 76902K, committed 77180K, reserved 1116160K
  class space    used 9702K, capacity 10410K, committed 10496K, reserved 1048576K
}
Event: 91.824 GC heap before
{Heap before GC invocations=48 (full 0):
 garbage-first heap   total 116736K, used 95008K [0x00000000a0000000, 0x0000000100000000)
  region size 1024K, 19 young (19456K), 3 survivors (3072K)
 Metaspace       used 75550K, capacity 77607K, committed 77820K, reserved 1116160K
  class space    used 9829K, capacity 10605K, committed 10624K, reserved 1048576K
}
Event: 91.854 GC heap after
{Heap after GC invocations=49 (full 0):
 garbage-first heap   total 116736K, used 80424K [0x00000000a0000000, 0x0000000100000000)
  region size 1024K, 2 young (2048K), 2 survivors (2048K)
 Metaspace       used 75550K, capacity 77607K, committed 77820K, reserved 1116160K
  class space    used 9829K, capacity 10605K, committed 10624K, reserved 1048576K
}
Event: 93.796 GC heap before
{Heap before GC invocations=50 (full 0):
 garbage-first heap   total 116736K, used 95784K [0x00000000a0000000, 0x0000000100000000)
  region size 1024K, 18 young (18432K), 2 survivors (2048K)
 Metaspace       used 75884K, capacity 77932K, committed 78204K, reserved 1116160K
  class space    used 9886K, capacity 10645K, committed 10752K, reserved 1048576K
}
Event: 93.806 GC heap after
{Heap after GC invocations=51 (full 0):
 garbage-first heap   total 116736K, used 82219K [0x00000000a0000000, 0x0000000100000000)
  region size 1024K, 2 young (2048K), 2 survivors (2048K)
 Metaspace       used 75884K, capacity 77932K, committed 78204K, reserved 1116160K
  class space    used 9886K, capacity 10645K, committed 10752K, reserved 1048576K
}
Event: 95.172 GC heap before
{Heap before GC invocations=51 (full 0):
 garbage-first heap   total 116736K, used 97579K [0x00000000a0000000, 0x0000000100000000)
  region size 1024K, 17 young (17408K), 2 survivors (2048K)
 Metaspace       used 76786K, capacity 78869K, committed 79100K, reserved 1118208K
  class space    used 10023K, capacity 10803K, committed 10880K, reserved 1048576K
}
Event: 95.270 GC heap after
{Heap after GC invocations=52 (full 0):
 garbage-first heap   total 116736K, used 84063K [0x00000000a0000000, 0x0000000100000000)
  region size 1024K, 2 young (2048K), 2 survivors (2048K)
 Metaspace       used 76786K, capacity 78869K, committed 79100K, reserved 1118208K
  class space    used 10023K, capacity 10803K, committed 10880K, reserved 1048576K
}
Event: 103.620 GC heap before
{Heap before GC invocations=53 (full 0):
 garbage-first heap   total 116736K, used 97375K [0x00000000a0000000, 0x0000000100000000)
  region size 1024K, 16 young (16384K), 2 survivors (2048K)
 Metaspace       used 77224K, capacity 79475K, committed 79612K, reserved 1118208K
  class space    used 10059K, capacity 10843K, committed 10880K, reserved 1048576K
}
Event: 103.650 GC heap after
{Heap after GC invocations=54 (full 0):
 garbage-first heap   total 116736K, used 85593K [0x00000000a0000000, 0x0000000100000000)
  region size 1024K, 2 young (2048K), 2 survivors (2048K)
 Metaspace       used 77224K, capacity 79475K, committed 79612K, reserved 1118208K
  class space    used 10059K, capacity 10843K, committed 10880K, reserved 1048576K
}
Event: 104.936 GC heap before
{Heap before GC invocations=54 (full 0):
 garbage-first heap   total 116736K, used 86617K [0x00000000a0000000, 0x0000000100000000)
  region size 1024K, 4 young (4096K), 2 survivors (2048K)
 Metaspace       used 77313K, capacity 79557K, committed 79612K, reserved 1118208K
  class space    used 10068K, capacity 10850K, committed 10880K, reserved 1048576K
}
Event: 105.708 GC heap after
{Heap after GC invocations=55 (full 0):
 garbage-first heap   total 154624K, used 85805K [0x00000000a0000000, 0x0000000100000000)
  region size 1024K, 1 young (1024K), 1 survivors (1024K)
 Metaspace       used 77313K, capacity 79557K, committed 79612K, reserved 1118208K
  class space    used 10068K, capacity 10850K, committed 10880K, reserved 1048576K
}
Event: 106.327 GC heap before
{Heap before GC invocations=56 (full 0):
 garbage-first heap   total 154624K, used 87853K [0x00000000a0000000, 0x0000000100000000)
  region size 1024K, 3 young (3072K), 1 survivors (1024K)
 Metaspace       used 77313K, capacity 79557K, committed 79612K, reserved 1118208K
  class space    used 10068K, capacity 10850K, committed 10880K, reserved 1048576K
}
Event: 106.450 GC heap after
{Heap after GC invocations=57 (full 0):
 garbage-first heap   total 154624K, used 87613K [0x00000000a0000000, 0x0000000100000000)
  region size 1024K, 2 young (2048K), 2 survivors (2048K)
 Metaspace       used 77313K, capacity 79557K, committed 79612K, reserved 1118208K
  class space    used 10068K, capacity 10850K, committed 10880K, reserved 1048576K
}
Event: 125.469 GC heap before
{Heap before GC invocations=58 (full 0):
 garbage-first heap   total 154624K, used 110141K [0x00000000a0000000, 0x0000000100000000)
  region size 1024K, 24 young (24576K), 2 survivors (2048K)
 Metaspace       used 78602K, capacity 81081K, committed 81276K, reserved 1120256K
  class space    used 10291K, capacity 11161K, committed 11264K, reserved 1048576K
}
Event: 125.529 GC heap after
{Heap after GC invocations=59 (full 0):
 garbage-first heap   total 154624K, used 92494K [0x00000000a0000000, 0x0000000100000000)
  region size 1024K, 3 young (3072K), 3 survivors (3072K)
 Metaspace       used 78602K, capacity 81081K, committed 81276K, reserved 1120256K
  class space    used 10291K, capacity 11161K, committed 11264K, reserved 1048576K
}
Event: 130.835 GC heap before
{Heap before GC invocations=59 (full 0):
 garbage-first heap   total 154624K, used 117070K [0x00000000a0000000, 0x0000000100000000)
  region size 1024K, 28 young (28672K), 3 survivors (3072K)
 Metaspace       used 79466K, capacity 82096K, committed 82428K, reserved 1120256K
  class space    used 10390K, capacity 11297K, committed 11392K, reserved 1048576K
}
Event: 130.918 GC heap after
{Heap after GC invocations=60 (full 0):
 garbage-first heap   total 154624K, used 99220K [0x00000000a0000000, 0x0000000100000000)
  region size 1024K, 4 young (4096K), 4 survivors (4096K)
 Metaspace       used 79466K, capacity 82096K, committed 82428K, reserved 1120256K
  class space    used 10390K, capacity 11297K, committed 11392K, reserved 1048576K
}

